<?xml version="1.0" encoding="UTF-8"?>
<testng-results ignored="0" total="1" passed="1" failed="0" skipped="0">
  <reporter-output>
  </reporter-output>
  <suite started-at="2024-08-10T13:12:50 IST" name="Default suite" finished-at="2024-08-10T13:13:13 IST" duration-ms="22815">
    <groups>
    </groups>
    <test started-at="2024-08-10T13:12:50 IST" name="Default test" finished-at="2024-08-10T13:13:13 IST" duration-ms="22815">
      <class name="Test.FinalTest">
        <test-method is-config="true" signature="setup()[pri:0, instance:Test.FinalTest@7161d8d1]" started-at="2024-08-10T13:12:50 IST" name="setup" finished-at="2024-08-10T13:13:03 IST" duration-ms="12266" status="PASS">
          <reporter-output>
          </reporter-output>
        </test-method> <!-- setup -->
        <test-method signature="logintest()[pri:0, instance:Test.FinalTest@7161d8d1]" started-at="2024-08-10T13:13:03 IST" name="logintest" finished-at="2024-08-10T13:13:11 IST" duration-ms="7969" status="PASS">
          <reporter-output>
          </reporter-output>
        </test-method> <!-- logintest -->
        <test-method is-config="true" signature="teardown()[pri:0, instance:Test.FinalTest@7161d8d1]" started-at="2024-08-10T13:13:11 IST" name="teardown" finished-at="2024-08-10T13:13:13 IST" duration-ms="2363" status="PASS">
          <reporter-output>
          </reporter-output>
        </test-method> <!-- teardown -->
      </class> <!-- Test.FinalTest -->
    </test> <!-- Default test -->
  </suite> <!-- Default suite -->
</testng-results>
